2019-04-28 15:36:29.915  INFO 2692 --- [main] c.e.SpringcloudConsumeKafkaApplication   : The following profiles are active: pro
2019-04-28 15:36:29.947  INFO 2692 --- [main] ConfigServletWebServerApplicationContext : Refreshing org.springframework.boot.web.servlet.context.AnnotationConfigServletWebServerApplicationContext@4ebff610: startup date [Sun Apr 28 15:36:29 CST 2019]; parent: org.springframework.context.annotation.AnnotationConfigApplicationContext@2a798d51
2019-04-28 15:36:30.384  INFO 2692 --- [main] o.s.cloud.context.scope.GenericScope     : BeanFactory id=a94c77ca-2c62-3f70-bd2f-979c70574d72
2019-04-28 15:36:30.400  INFO 2692 --- [main] f.a.AutowiredAnnotationBeanPostProcessor : JSR-330 'javax.inject.Inject' annotation found and supported for autowiring
2019-04-28 15:36:30.462  INFO 2692 --- [main] trationDelegate$BeanPostProcessorChecker : Bean 'org.springframework.cloud.autoconfigure.ConfigurationPropertiesRebinderAutoConfiguration' of type [org.springframework.cloud.autoconfigure.ConfigurationPropertiesRebinderAutoConfiguration$$EnhancerBySpringCGLIB$$28cb6907] is not eligible for getting processed by all BeanPostProcessors (for example: not eligible for auto-proxying)
2019-04-28 15:36:30.697  INFO 2692 --- [main] o.s.b.w.embedded.tomcat.TomcatWebServer  : Tomcat initialized with port(s): 9020 (http)
2019-04-28 15:36:30.728  INFO 2692 --- [main] o.apache.catalina.core.StandardService   : Starting service [Tomcat]
2019-04-28 15:36:30.728  INFO 2692 --- [main] org.apache.catalina.core.StandardEngine  : Starting Servlet Engine: Apache Tomcat/8.5.35
2019-04-28 15:36:30.728  INFO 2692 --- [localhost-startStop-1] o.a.catalina.core.AprLifecycleListener   : Loaded APR based Apache Tomcat Native library [1.2.21] using APR version [1.6.5].
2019-04-28 15:36:30.728  INFO 2692 --- [localhost-startStop-1] o.a.catalina.core.AprLifecycleListener   : APR capabilities: IPv6 [true], sendfile [true], accept filters [false], random [true].
2019-04-28 15:36:30.728  INFO 2692 --- [localhost-startStop-1] o.a.catalina.core.AprLifecycleListener   : APR/OpenSSL configuration: useAprConnector [false], useOpenSSL [true]
2019-04-28 15:36:30.728  INFO 2692 --- [localhost-startStop-1] o.a.catalina.core.AprLifecycleListener   : OpenSSL successfully initialized [OpenSSL 1.1.1a  20 Nov 2018]
2019-04-28 15:36:30.884  INFO 2692 --- [localhost-startStop-1] o.a.c.c.C.[Tomcat].[localhost].[/]       : Initializing Spring embedded WebApplicationContext
2019-04-28 15:36:30.884  INFO 2692 --- [localhost-startStop-1] o.s.web.context.ContextLoader            : Root WebApplicationContext: initialization completed in 937 ms
2019-04-28 15:36:30.947  INFO 2692 --- [localhost-startStop-1] o.s.b.w.servlet.ServletRegistrationBean  : Servlet dispatcherServlet mapped to [/]
2019-04-28 15:36:30.962  INFO 2692 --- [localhost-startStop-1] o.s.b.w.servlet.FilterRegistrationBean   : Mapping filter: 'characterEncodingFilter' to: [/*]
2019-04-28 15:36:30.962  INFO 2692 --- [localhost-startStop-1] o.s.b.w.servlet.FilterRegistrationBean   : Mapping filter: 'hiddenHttpMethodFilter' to: [/*]
2019-04-28 15:36:30.962  INFO 2692 --- [localhost-startStop-1] o.s.b.w.servlet.FilterRegistrationBean   : Mapping filter: 'httpPutFormContentFilter' to: [/*]
2019-04-28 15:36:30.962  INFO 2692 --- [localhost-startStop-1] o.s.b.w.servlet.FilterRegistrationBean   : Mapping filter: 'requestContextFilter' to: [/*]
2019-04-28 15:36:30.994  INFO 2692 --- [main] s.c.a.AnnotationConfigApplicationContext : Refreshing FeignContext-spring-cloud-producer: startup date [Sun Apr 28 15:36:30 CST 2019]; parent: org.springframework.boot.web.servlet.context.AnnotationConfigServletWebServerApplicationContext@4ebff610
2019-04-28 15:36:31.025  INFO 2692 --- [main] f.a.AutowiredAnnotationBeanPostProcessor : JSR-330 'javax.inject.Inject' annotation found and supported for autowiring
2019-04-28 15:36:31.150  INFO 2692 --- [main] c.n.c.sources.URLConfigurationSource     : To enable URLs as dynamic configuration sources, define System property archaius.configurationSource.additionalUrls or make config.properties available on classpath.
2019-04-28 15:36:31.150  INFO 2692 --- [main] c.n.c.sources.URLConfigurationSource     : To enable URLs as dynamic configuration sources, define System property archaius.configurationSource.additionalUrls or make config.properties available on classpath.
2019-04-28 15:36:31.228  INFO 2692 --- [main] o.s.w.s.handler.SimpleUrlHandlerMapping  : Mapped URL path [/**/favicon.ico] onto handler of type [class org.springframework.web.servlet.resource.ResourceHttpRequestHandler]
2019-04-28 15:36:31.369  INFO 2692 --- [main] s.w.s.m.m.a.RequestMappingHandlerAdapter : Looking for @ControllerAdvice: org.springframework.boot.web.servlet.context.AnnotationConfigServletWebServerApplicationContext@4ebff610: startup date [Sun Apr 28 15:36:29 CST 2019]; parent: org.springframework.context.annotation.AnnotationConfigApplicationContext@2a798d51
2019-04-28 15:36:31.415  INFO 2692 --- [main] s.w.s.m.m.a.RequestMappingHandlerMapping : Mapped "{[/hello]}" onto public java.lang.String com.example.SpringcloudConsumeKafkaApplication$ConsumerController.index(java.lang.String)
2019-04-28 15:36:31.415  INFO 2692 --- [main] s.w.s.m.m.a.RequestMappingHandlerMapping : Mapped "{[/error]}" onto public org.springframework.http.ResponseEntity<java.util.Map<java.lang.String, java.lang.Object>> org.springframework.boot.autoconfigure.web.servlet.error.BasicErrorController.error(javax.servlet.http.HttpServletRequest)
2019-04-28 15:36:31.415  INFO 2692 --- [main] s.w.s.m.m.a.RequestMappingHandlerMapping : Mapped "{[/error],produces=[text/html]}" onto public org.springframework.web.servlet.ModelAndView org.springframework.boot.autoconfigure.web.servlet.error.BasicErrorController.errorHtml(javax.servlet.http.HttpServletRequest,javax.servlet.http.HttpServletResponse)
2019-04-28 15:36:31.447  INFO 2692 --- [main] o.s.w.s.handler.SimpleUrlHandlerMapping  : Mapped URL path [/webjars/**] onto handler of type [class org.springframework.web.servlet.resource.ResourceHttpRequestHandler]
2019-04-28 15:36:31.447  INFO 2692 --- [main] o.s.w.s.handler.SimpleUrlHandlerMapping  : Mapped URL path [/**] onto handler of type [class org.springframework.web.servlet.resource.ResourceHttpRequestHandler]
2019-04-28 15:36:32.337  INFO 2692 --- [main] o.s.j.e.a.AnnotationMBeanExporter        : Registering beans for JMX exposure on startup
2019-04-28 15:36:32.353  INFO 2692 --- [main] o.s.j.e.a.AnnotationMBeanExporter        : Bean with name 'refreshScope' has been autodetected for JMX exposure
2019-04-28 15:36:32.353  INFO 2692 --- [main] o.s.j.e.a.AnnotationMBeanExporter        : Bean with name 'configurationPropertiesRebinder' has been autodetected for JMX exposure
2019-04-28 15:36:32.353  INFO 2692 --- [main] o.s.j.e.a.AnnotationMBeanExporter        : Bean with name 'environmentManager' has been autodetected for JMX exposure
2019-04-28 15:36:32.353  INFO 2692 --- [main] o.s.j.e.a.AnnotationMBeanExporter        : Located managed bean 'environmentManager': registering with JMX server as MBean [org.springframework.cloud.context.environment:name=environmentManager,type=EnvironmentManager]
2019-04-28 15:36:32.353  INFO 2692 --- [main] o.s.j.e.a.AnnotationMBeanExporter        : Located managed bean 'refreshScope': registering with JMX server as MBean [org.springframework.cloud.context.scope.refresh:name=refreshScope,type=RefreshScope]
2019-04-28 15:36:32.369  INFO 2692 --- [main] o.s.j.e.a.AnnotationMBeanExporter        : Located managed bean 'configurationPropertiesRebinder': registering with JMX server as MBean [org.springframework.cloud.context.properties:name=configurationPropertiesRebinder,context=4ebff610,type=ConfigurationPropertiesRebinder]
2019-04-28 15:36:32.384  INFO 2692 --- [main] o.s.c.support.DefaultLifecycleProcessor  : Starting beans in phase 0
2019-04-28 15:36:32.384  INFO 2692 --- [main] o.s.c.n.eureka.InstanceInfoFactory       : Setting initial instance status as: STARTING
2019-04-28 15:36:32.415  INFO 2692 --- [main] com.netflix.discovery.DiscoveryClient    : Initializing Eureka in region us-east-1
2019-04-28 15:36:32.806  INFO 2692 --- [main] c.n.d.provider.DiscoveryJerseyProvider   : Using JSON encoding codec LegacyJacksonJson
2019-04-28 15:36:32.806  INFO 2692 --- [main] c.n.d.provider.DiscoveryJerseyProvider   : Using JSON decoding codec LegacyJacksonJson
2019-04-28 15:36:32.900  INFO 2692 --- [main] c.n.d.provider.DiscoveryJerseyProvider   : Using XML encoding codec XStreamXml
2019-04-28 15:36:32.900  INFO 2692 --- [main] c.n.d.provider.DiscoveryJerseyProvider   : Using XML decoding codec XStreamXml
2019-04-28 15:36:33.025  INFO 2692 --- [main] c.n.d.s.r.aws.ConfigClusterResolver      : Resolving eureka endpoints via configuration
2019-04-28 15:36:33.165  INFO 2692 --- [main] com.netflix.discovery.DiscoveryClient    : Disable delta property : false
2019-04-28 15:36:33.165  INFO 2692 --- [main] com.netflix.discovery.DiscoveryClient    : Single vip registry refresh property : null
2019-04-28 15:36:33.165  INFO 2692 --- [main] com.netflix.discovery.DiscoveryClient    : Force full registry fetch : false
2019-04-28 15:36:33.165  INFO 2692 --- [main] com.netflix.discovery.DiscoveryClient    : Application is null : false
2019-04-28 15:36:33.165  INFO 2692 --- [main] com.netflix.discovery.DiscoveryClient    : Registered Applications size is zero : true
2019-04-28 15:36:33.165  INFO 2692 --- [main] com.netflix.discovery.DiscoveryClient    : Application version is -1: true
2019-04-28 15:36:33.165  INFO 2692 --- [main] com.netflix.discovery.DiscoveryClient    : Getting all instance registry info from the eureka server
2019-04-28 15:36:33.290  INFO 2692 --- [main] com.netflix.discovery.DiscoveryClient    : The response status is 200
2019-04-28 15:36:33.290  INFO 2692 --- [main] com.netflix.discovery.DiscoveryClient    : Starting heartbeat executor: renew interval is: 30
2019-04-28 15:36:33.290  INFO 2692 --- [main] c.n.discovery.InstanceInfoReplicator     : InstanceInfoReplicator onDemand update allowed rate per min is 4
2019-04-28 15:36:33.306  INFO 2692 --- [main] com.netflix.discovery.DiscoveryClient    : Discovery Client initialized at timestamp 1556436993290 with initial instances count: 2
2019-04-28 15:36:33.306  INFO 2692 --- [main] o.s.c.n.e.s.EurekaServiceRegistry        : Registering application SPRING-CLOUD-CONSUMER-KAFKA with eureka with status UP
2019-04-28 15:36:33.306  INFO 2692 --- [main] com.netflix.discovery.DiscoveryClient    : Saw local status change event StatusChangeEvent [timestamp=1556436993306, current=UP, previous=STARTING]
2019-04-28 15:36:33.306  INFO 2692 --- [DiscoveryClient-InstanceInfoReplicator-0] com.netflix.discovery.DiscoveryClient    : DiscoveryClient_SPRING-CLOUD-CONSUMER-KAFKA/am:spring-cloud-consumer-kafka:9020: registering service...
2019-04-28 15:36:33.353  INFO 2692 --- [main] o.s.b.w.embedded.tomcat.TomcatWebServer  : Tomcat started on port(s): 9020 (http) with context path ''
2019-04-28 15:36:33.353  INFO 2692 --- [main] .s.c.n.e.s.EurekaAutoServiceRegistration : Updating port to 9020
2019-04-28 15:36:33.353  INFO 2692 --- [main] c.e.SpringcloudConsumeKafkaApplication   : Started SpringcloudConsumeKafkaApplication in 5.141 seconds (JVM running for 5.835)
2019-04-28 15:36:33.369  INFO 2692 --- [DiscoveryClient-InstanceInfoReplicator-0] com.netflix.discovery.DiscoveryClient    : DiscoveryClient_SPRING-CLOUD-CONSUMER-KAFKA/am:spring-cloud-consumer-kafka:9020 - registration status: 204
2019-04-28 15:41:33.190  INFO 2692 --- [AsyncResolver-bootstrap-executor-0] c.n.d.s.r.aws.ConfigClusterResolver      : Resolving eureka endpoints via configuration
2019-04-28 15:46:33.220  INFO 2692 --- [AsyncResolver-bootstrap-executor-0] c.n.d.s.r.aws.ConfigClusterResolver      : Resolving eureka endpoints via configuration
2019-04-28 15:48:36.736  INFO 2692 --- [http-nio-9020-exec-1] o.apache.tomcat.util.http.parser.Cookie  : A cookie header was received [1556343198,1556346499,1556350295] that contained an invalid cookie. That cookie will be ignored.Note: further occurrences of this error will be logged at DEBUG level.
2019-04-28 15:48:36.892  INFO 2692 --- [http-nio-9020-exec-1] o.a.c.c.C.[Tomcat].[localhost].[/]       : Initializing Spring FrameworkServlet 'dispatcherServlet'
2019-04-28 15:48:36.892  INFO 2692 --- [http-nio-9020-exec-1] o.s.web.servlet.DispatcherServlet        : FrameworkServlet 'dispatcherServlet': initialization started
2019-04-28 15:48:37.326  INFO 2692 --- [http-nio-9020-exec-1] o.s.web.servlet.DispatcherServlet        : FrameworkServlet 'dispatcherServlet': initialization completed in 434 ms
2019-04-28 15:48:39.610  INFO 2692 --- [http-nio-9020-exec-1] c.e.SpringcloudConsumeKafkaApplication   : 大家好我是阿蒙
2019-04-28 15:48:40.259  INFO 2692 --- [http-nio-9020-exec-1] s.c.a.AnnotationConfigApplicationContext : Refreshing SpringClientFactory-spring-cloud-producer: startup date [Sun Apr 28 15:48:40 CST 2019]; parent: org.springframework.boot.web.servlet.context.AnnotationConfigServletWebServerApplicationContext@4ebff610
2019-04-28 15:48:40.784  INFO 2692 --- [http-nio-9020-exec-4] c.e.SpringcloudConsumeKafkaApplication   : 大家好我是阿蒙
2019-04-28 15:48:41.652  INFO 2692 --- [http-nio-9020-exec-1] f.a.AutowiredAnnotationBeanPostProcessor : JSR-330 'javax.inject.Inject' annotation found and supported for autowiring
2019-04-28 15:48:43.875  INFO 2692 --- [http-nio-9020-exec-1] c.netflix.config.ChainedDynamicProperty  : Flipping property: spring-cloud-producer.ribbon.ActiveConnectionsLimit to use NEXT property: niws.loadbalancer.availabilityFilteringRule.activeConnectionsLimit = 2147483647
2019-04-28 15:48:43.974  INFO 2692 --- [http-nio-9020-exec-1] c.n.u.concurrent.ShutdownEnabledTimer    : Shutdown hook installed for: NFLoadBalancer-PingTimer-spring-cloud-producer
2019-04-28 15:48:44.048  INFO 2692 --- [http-nio-9020-exec-1] c.netflix.loadbalancer.BaseLoadBalancer  : Client: spring-cloud-producer instantiated a LoadBalancer: DynamicServerListLoadBalancer:{NFLoadBalancer:name=spring-cloud-producer,current list of Servers=[],Load balancer stats=Zone stats: {},Server stats: []}ServerList:null
2019-04-28 15:48:44.072  INFO 2692 --- [http-nio-9020-exec-1] c.n.l.DynamicServerListLoadBalancer      : Using serverListUpdater PollingServerListUpdater
2019-04-28 15:48:44.180  INFO 2692 --- [http-nio-9020-exec-1] c.netflix.config.ChainedDynamicProperty  : Flipping property: spring-cloud-producer.ribbon.ActiveConnectionsLimit to use NEXT property: niws.loadbalancer.availabilityFilteringRule.activeConnectionsLimit = 2147483647
2019-04-28 15:48:44.182  INFO 2692 --- [http-nio-9020-exec-1] c.n.l.DynamicServerListLoadBalancer      : DynamicServerListLoadBalancer for client spring-cloud-producer initialized: DynamicServerListLoadBalancer:{NFLoadBalancer:name=spring-cloud-producer,current list of Servers=[am:9000],Load balancer stats=Zone stats: {defaultzone=[Zone:defaultzone;	Instance count:1;	Active connections count: 0;	Circuit breaker tripped count: 0;	Active connections per server: 0.0;]
},Server stats: [[Server:am:9000;	Zone:defaultZone;	Total Requests:0;	Successive connection failure:0;	Total blackout seconds:0;	Last connection made:Thu Jan 01 08:00:00 CST 1970;	First connection made: Thu Jan 01 08:00:00 CST 1970;	Active Connections:0;	total failure count in last (1000) msecs:0;	average resp time:0.0;	90 percentile resp time:0.0;	95 percentile resp time:0.0;	min resp time:0.0;	max resp time:0.0;	stddev resp time:0.0]
]}ServerList:org.springframework.cloud.netflix.ribbon.eureka.DomainExtractingServerList@47e7af0f
2019-04-28 15:48:45.077  INFO 2692 --- [PollingServerListUpdater-0] c.netflix.config.ChainedDynamicProperty  : Flipping property: spring-cloud-producer.ribbon.ActiveConnectionsLimit to use NEXT property: niws.loadbalancer.availabilityFilteringRule.activeConnectionsLimit = 2147483647
2019-04-28 15:50:07.627  INFO 2692 --- [http-nio-9020-exec-6] c.e.SpringcloudConsumeKafkaApplication   : 大家好我是阿蒙
2019-04-28 15:51:33.232  INFO 2692 --- [AsyncResolver-bootstrap-executor-0] c.n.d.s.r.aws.ConfigClusterResolver      : Resolving eureka endpoints via configuration
2019-04-28 15:56:33.236  INFO 2692 --- [AsyncResolver-bootstrap-executor-0] c.n.d.s.r.aws.ConfigClusterResolver      : Resolving eureka endpoints via configuration
2019-04-28 16:01:33.254  INFO 2692 --- [AsyncResolver-bootstrap-executor-0] c.n.d.s.r.aws.ConfigClusterResolver      : Resolving eureka endpoints via configuration
2019-04-28 16:06:33.268  INFO 2692 --- [AsyncResolver-bootstrap-executor-0] c.n.d.s.r.aws.ConfigClusterResolver      : Resolving eureka endpoints via configuration
2019-04-28 16:11:33.274  INFO 2692 --- [AsyncResolver-bootstrap-executor-0] c.n.d.s.r.aws.ConfigClusterResolver      : Resolving eureka endpoints via configuration
2019-04-28 16:16:33.292  INFO 2692 --- [AsyncResolver-bootstrap-executor-0] c.n.d.s.r.aws.ConfigClusterResolver      : Resolving eureka endpoints via configuration
2019-04-28 16:21:33.294  INFO 2692 --- [AsyncResolver-bootstrap-executor-0] c.n.d.s.r.aws.ConfigClusterResolver      : Resolving eureka endpoints via configuration
2019-04-28 16:26:33.296  INFO 2692 --- [AsyncResolver-bootstrap-executor-0] c.n.d.s.r.aws.ConfigClusterResolver      : Resolving eureka endpoints via configuration
2019-04-28 16:31:33.298  INFO 2692 --- [AsyncResolver-bootstrap-executor-0] c.n.d.s.r.aws.ConfigClusterResolver      : Resolving eureka endpoints via configuration
2019-04-28 16:36:33.299  INFO 2692 --- [AsyncResolver-bootstrap-executor-0] c.n.d.s.r.aws.ConfigClusterResolver      : Resolving eureka endpoints via configuration
2019-04-28 16:41:33.306  INFO 2692 --- [AsyncResolver-bootstrap-executor-0] c.n.d.s.r.aws.ConfigClusterResolver      : Resolving eureka endpoints via configuration
2019-04-28 16:46:33.311  INFO 2692 --- [AsyncResolver-bootstrap-executor-0] c.n.d.s.r.aws.ConfigClusterResolver      : Resolving eureka endpoints via configuration
2019-04-28 16:51:33.312  INFO 2692 --- [AsyncResolver-bootstrap-executor-0] c.n.d.s.r.aws.ConfigClusterResolver      : Resolving eureka endpoints via configuration
2019-04-28 16:56:33.319  INFO 2692 --- [AsyncResolver-bootstrap-executor-0] c.n.d.s.r.aws.ConfigClusterResolver      : Resolving eureka endpoints via configuration
2019-04-28 17:01:33.320  INFO 2692 --- [AsyncResolver-bootstrap-executor-0] c.n.d.s.r.aws.ConfigClusterResolver      : Resolving eureka endpoints via configuration
2019-04-28 17:06:33.327  INFO 2692 --- [AsyncResolver-bootstrap-executor-0] c.n.d.s.r.aws.ConfigClusterResolver      : Resolving eureka endpoints via configuration
2019-04-28 17:11:33.341  INFO 2692 --- [AsyncResolver-bootstrap-executor-0] c.n.d.s.r.aws.ConfigClusterResolver      : Resolving eureka endpoints via configuration
2019-04-28 17:16:33.357  INFO 2692 --- [AsyncResolver-bootstrap-executor-0] c.n.d.s.r.aws.ConfigClusterResolver      : Resolving eureka endpoints via configuration
2019-04-28 17:21:33.359  INFO 2692 --- [AsyncResolver-bootstrap-executor-0] c.n.d.s.r.aws.ConfigClusterResolver      : Resolving eureka endpoints via configuration
2019-04-28 17:26:33.366  INFO 2692 --- [AsyncResolver-bootstrap-executor-0] c.n.d.s.r.aws.ConfigClusterResolver      : Resolving eureka endpoints via configuration
2019-04-28 17:31:33.368  INFO 2692 --- [AsyncResolver-bootstrap-executor-0] c.n.d.s.r.aws.ConfigClusterResolver      : Resolving eureka endpoints via configuration
2019-04-28 17:36:33.369  INFO 2692 --- [AsyncResolver-bootstrap-executor-0] c.n.d.s.r.aws.ConfigClusterResolver      : Resolving eureka endpoints via configuration
2019-04-28 17:41:33.383  INFO 2692 --- [AsyncResolver-bootstrap-executor-0] c.n.d.s.r.aws.ConfigClusterResolver      : Resolving eureka endpoints via configuration
2019-04-28 17:46:33.385  INFO 2692 --- [AsyncResolver-bootstrap-executor-0] c.n.d.s.r.aws.ConfigClusterResolver      : Resolving eureka endpoints via configuration
2019-04-28 17:51:33.386  INFO 2692 --- [AsyncResolver-bootstrap-executor-0] c.n.d.s.r.aws.ConfigClusterResolver      : Resolving eureka endpoints via configuration
2019-04-28 17:56:33.388  INFO 2692 --- [AsyncResolver-bootstrap-executor-0] c.n.d.s.r.aws.ConfigClusterResolver      : Resolving eureka endpoints via configuration
2019-04-28 18:01:33.431  INFO 2692 --- [AsyncResolver-bootstrap-executor-0] c.n.d.s.r.aws.ConfigClusterResolver      : Resolving eureka endpoints via configuration
2019-04-28 18:06:33.433  INFO 2692 --- [AsyncResolver-bootstrap-executor-0] c.n.d.s.r.aws.ConfigClusterResolver      : Resolving eureka endpoints via configuration
